['/Users/taishanlin/Desktop/RootDirectory/DataService', '/Applications/anaconda3/lib/python37.zip', '/Applications/anaconda3/lib/python3.7', '/Applications/anaconda3/lib/python3.7/lib-dynload', '/Users/taishanlin/.local/lib/python3.7/site-packages', '/Applications/anaconda3/lib/python3.7/site-packages', '/Applications/anaconda3/lib/python3.7/site-packages/aeosa']
['/Users/taishanlin/Desktop/RootDirectory/DataService', '/Applications/anaconda3/lib/python37.zip', '/Applications/anaconda3/lib/python3.7', '/Applications/anaconda3/lib/python3.7/lib-dynload', '/Users/taishanlin/.local/lib/python3.7/site-packages', '/Applications/anaconda3/lib/python3.7/site-packages', '/Applications/anaconda3/lib/python3.7/site-packages/aeosa', '/Applications/anaconda3/lib/python3.7', '/Applications/anaconda3/lib/python37.zip']
root =  /Users/taishanlin/Desktop/RootDirectory/DataService /Applications/anaconda3/lib/python37.zip /Applications/anaconda3/lib/python3.7
connection established successfully for Database(MongoClient(host=['cluster0-shard-00-00.d1abh.mongodb.net:27017', 'cluster0-shard-00-01.d1abh.mongodb.net:27017', 'cluster0-shard-00-02.d1abh.mongodb.net:27017'], document_class=dict, tz_aware=False, connect=True, retrywrites=True, w='majority', authsource='admin', replicaset='atlas-8kzh8x-shard-0', ssl=True), 'Database')
Update SEC Filing Complete for KRYS
Update SEC Filing Complete for RESI
Update SEC Filing Complete for ASRT
Update SEC Filing Complete for RCL
Update SEC Filing Complete for RP
Update SEC Filing Complete for NBIO
Update SEC Filing Complete for GORO
Update SEC Filing Complete for MUX
Update SEC Filing Complete for USWSW
Update SEC Filing Complete for MNR-PC
Update SEC Filing Complete for TIF
Update SEC Filing Complete for CASY
Update SEC Filing Complete for MRAM
Update SEC Filing Complete for IDEX
Update SEC Filing Complete for AMCIW
Update SEC Filing Complete for JCPNQ
Update SEC Filing Complete for SCOR
Update SEC Filing Complete for FMNB
Update SEC Filing Complete for TRVN
Update SEC Filing Complete for AXTI
Update SEC Filing Complete for SOHO
Update SEC Filing Complete for KRG
Update SEC Filing Complete for LQDA
Update SEC Filing Complete for TPL
Update SEC Filing Complete for EKSO
Update SEC Filing Complete for MBIO
Update SEC Filing Complete for VEC
Update SEC Filing Complete for LegacyXChange, Inc. (0001423579) (Filer)
Update SEC Filing Complete for KAYS
Update SEC Filing Complete for ACOR
Update SEC Filing Complete for CI
Update SEC Filing Complete for BL
Update SEC Filing Complete for IBM
Update SEC Filing Complete for CEIX
Update SEC Filing Complete for NREF-PA
Update SEC Filing Complete for IBM CREDIT LLC (0001225307) (Filer)
Update SEC Filing Complete for KAMN
Update SEC Filing Complete for CHCT
Update SEC Filing Complete for WPG
Update SEC Filing Complete for F-PC
Update SEC Filing Complete for IEP
Update SEC Filing Complete for ANH
Update SEC Filing Complete for KNDI
Update SEC Filing Complete for HEBT
Update SEC Filing Complete for SAGE
Update SEC Filing Complete for HLX
Update SEC Filing Complete for TXRH
Update SEC Filing Complete for SMTX
Update SEC Filing Complete for BLPG
Update SEC Filing Complete for TLGT
Update SEC Filing Complete for HUALE ACOUSTICS Ltd (0001636760) (Filer)
Update SEC Filing Complete for ALRT
Update SEC Filing Complete for BTDG
Update SEC Filing Complete for SCCC
Update SEC Filing Complete for GLFWD
Update SEC Filing Complete for ATRI
Update SEC Filing Complete for EBF
Update SEC Filing Complete for TGC
Update SEC Filing Complete for FREJP
Update SEC Filing Complete for TPCO
Update SEC Filing Complete for EIGI
Update SEC Filing Complete for CNA
Update SEC Filing Complete for CENTA
Update SEC Filing Complete for TAYD
Update SEC Filing Complete for RLH
Update SEC Filing Complete for HCHC
Update SEC Filing Complete for DVN
Update SEC Filing Complete for AMBC-WT
Update SEC Filing Complete for NLY-PI
Update SEC Filing Complete for CAI
Update SEC Filing Complete for WPX
Update SEC Filing Complete for WMC
Update SEC Filing Complete for AXSM
Update SEC Filing Complete for MITT
Update SEC Filing Complete for CVU
Update SEC Filing Complete for ONE
Update SEC Filing Complete for CUEN
Update SEC Filing Complete for PETV
Update SEC Filing Complete for XPO
Update SEC Filing Complete for IPOB-WT
Update SEC Filing Complete for ATIF
Update SEC Filing Complete for Azar International Corp. (0001787123) (Filer)
Update SEC Filing Complete for KIDS
Update SEC Filing Complete for GBCS
Update SEC Filing Complete for Direxion Shares ETF Trust (0001424958) (Filer)
Update SEC Filing Complete for MRGE
Update SEC Filing Complete for KRC
Update SEC Filing Complete for CVM
Update SEC Filing Complete for TBI
Update SEC Filing Complete for PTACW
Update SEC Filing Complete for REXR-PC
Update SEC Filing Complete for RGNPD
Update SEC Filing Complete for XOG
Update SEC Filing Complete for KCAC-WT
Update SEC Filing Complete for UNIT
Update SEC Filing Complete for RELI
Update SEC Filing Complete for SQFT
Update SEC Filing Complete for OMP
Update SEC Filing Complete for SSP
Update SEC Filing Complete for CGA
Update SEC Filing Complete for BVHBB
Update SEC Filing Complete for CBRE
Update SEC Filing Complete for PII
Update SEC Filing Complete for ZIOP
Update SEC Filing Complete for III
Update SEC Filing Complete for COLL
Update SEC Filing Complete for CMP
Update SEC Filing Complete for GHHH
Update SEC Filing Complete for REED
Update SEC Filing Complete for NGS
Update SEC Filing Complete for GNE
Update SEC Filing Complete for UGI
Update SEC Filing Complete for COKE
Update SEC Filing Complete for CMCTP
Update SEC Filing Complete for RTIX
Update SEC Filing Complete for GRTS
Update SEC Filing Complete for HUBB
Update SEC Filing Complete for MIC
Update SEC Filing Complete for NLS
Update SEC Filing Complete for SRG
Update SEC Filing Complete for AIG-WT
Update SEC Filing Complete for XOM
Update SEC Filing Complete for BWFG
Update SEC Filing Complete for AMBO
Update SEC Filing Complete for AGM-PF
Update SEC Filing Complete for NWL
Update SEC Filing Complete for SPG-PJ
Update SEC Filing Complete for MX
Update SEC Filing Complete for NNI
Update SEC Filing Complete for GPMT
Update SEC Filing Complete for TREE
Update SEC Filing Complete for NEOS
Update SEC Filing Complete for ZNTEU
Update SEC Filing Complete for TPIC
Update SEC Filing Complete for X
Update SEC Filing Complete for CMTL
Update SEC Filing Complete for PXD
Update SEC Filing Complete for HE
Update SEC Filing Complete for SPCB
Update SEC Filing Complete for RLGT
Update SEC Filing Complete for NWE
Update SEC Filing Complete for CLCN
Update SEC Filing Complete for YUMM
Update SEC Filing Complete for TSC
Update SEC Filing Complete for BCPC
Update SEC Filing Complete for ETFM
Update SEC Filing Complete for KLMN
Update SEC Filing Complete for Strategic Realty Trust, Inc. (0001446371) (Filer)
Update SEC Filing Complete for TCFC
Update SEC Filing Complete for UMPQ
Update SEC Filing Complete for LATNW
Update SEC Filing Complete for CBLEQ
Update SEC Filing Complete for CANN
Update SEC Filing Complete for CACI
Update SEC Filing Complete for GV
Update SEC Filing Complete for TGAN
Update SEC Filing Complete for STRL
Update SEC Filing Complete for BGCP
Update SEC Filing Complete for GMTA
Update SEC Filing Complete for VIVO
Update SEC Filing Complete for CCR
Update SEC Filing Complete for GRBK
Update SEC Filing Complete for PCGU
Update SEC Filing Complete for ACHC
Update SEC Filing Complete for MNKD
Update SEC Filing Complete for BECN
Update SEC Filing Complete for PDCO
Update SEC Filing Complete for MKC
Update SEC Filing Complete for PLX
Update SEC Filing Complete for GOGO
Update SEC Filing Complete for XELA
Update SEC Filing Complete for HBUV
Update SEC Filing Complete for RMO
Update SEC Filing Complete for HOFVW
Update SEC Filing Complete for AHT-PD
Update SEC Filing Complete for HSDT
Update SEC Filing Complete for DXPE
Update SEC Filing Complete for BCOV
Update SEC Filing Complete for BCRD
Update SEC Filing Complete for AINC
Update SEC Filing Complete for NEOG
Update SEC Filing Complete for SNOW
Update SEC Filing Complete for MOHEGAN TRIBAL GAMING AUTHORITY (0001005276) (Filer)
Update SEC Filing Complete for SC